<?xml version="1.0" encoding="UTF-8"?>
<coverage generated="1770271027675" clover="3.2.0">
  <project timestamp="1770271027675" name="All files">
    <metrics statements="24" coveredstatements="19" conditionals="34" coveredconditionals="34" methods="10" coveredmethods="5" elements="68" coveredelements="58" complexity="0" loc="24" ncloc="24" packages="4" files="9" classes="9"/>
    <package name=".storybook">
      <metrics statements="1" coveredstatements="1" conditionals="0" coveredconditionals="0" methods="0" coveredmethods="0"/>
      <file name="preview.ts" path="/Users/ncdp07/Desktop/CS545998/yarn_test/vue_vite/vite-vue-vitest-test/.storybook/preview.ts">
        <metrics statements="1" coveredstatements="1" conditionals="0" coveredconditionals="0" methods="0" coveredmethods="0"/>
        <line num="3" count="4" type="stmt"/>
      </file>
    </package>
    <package name="src">
      <metrics statements="0" coveredstatements="0" conditionals="2" coveredconditionals="2" methods="0" coveredmethods="0"/>
      <file name="App.vue" path="/Users/ncdp07/Desktop/CS545998/yarn_test/vue_vite/vite-vue-vitest-test/src/App.vue">
        <metrics statements="0" coveredstatements="0" conditionals="2" coveredconditionals="2" methods="0" coveredmethods="0"/>
      </file>
    </package>
    <package name="src.components">
      <metrics statements="3" coveredstatements="2" conditionals="10" coveredconditionals="10" methods="1" coveredmethods="0"/>
      <file name="HelloWorld.vue" path="/Users/ncdp07/Desktop/CS545998/yarn_test/vue_vite/vite-vue-vitest-test/src/components/HelloWorld.vue">
        <metrics statements="3" coveredstatements="2" conditionals="10" coveredconditionals="10" methods="1" coveredmethods="0"/>
        <line num="6" count="3" type="stmt"/>
        <line num="12" count="1" type="stmt"/>
        <line num="13" count="0" type="cond" truecount="4" falsecount="0"/>
      </file>
    </package>
    <package name="src.stories">
      <metrics statements="20" coveredstatements="16" conditionals="22" coveredconditionals="22" methods="9" coveredmethods="5"/>
      <file name="Button.vue" path="/Users/ncdp07/Desktop/CS545998/yarn_test/vue_vite/vite-vue-vitest-test/src/stories/Button.vue">
        <metrics statements="7" coveredstatements="7" conditionals="2" coveredconditionals="2" methods="3" coveredmethods="3"/>
        <line num="2" count="12" type="stmt"/>
        <line num="10" count="12" type="stmt"/>
        <line num="32" count="12" type="stmt"/>
        <line num="36" count="12" type="stmt"/>
        <line num="43" count="12" type="stmt"/>
        <line num="47" count="12" type="stmt"/>
        <line num="48" count="1" type="stmt"/>
      </file>
      <file name="Header.vue" path="/Users/ncdp07/Desktop/CS545998/yarn_test/vue_vite/vite-vue-vitest-test/src/stories/Header.vue">
        <metrics statements="5" coveredstatements="3" conditionals="20" coveredconditionals="20" methods="3" coveredmethods="1"/>
        <line num="2" count="5" type="stmt"/>
        <line num="3" count="2" type="stmt"/>
        <line num="28" count="0" type="cond" truecount="4" falsecount="0"/>
        <line num="29" count="1" type="cond" truecount="4" falsecount="0"/>
        <line num="33" count="0" type="cond" truecount="2" falsecount="0"/>
      </file>
      <file name="Page.vue" path="/Users/ncdp07/Desktop/CS545998/yarn_test/vue_vite/vite-vue-vitest-test/src/stories/Page.vue">
        <metrics statements="8" coveredstatements="6" conditionals="0" coveredconditionals="0" methods="3" coveredmethods="1"/>
        <line num="2" count="3" type="stmt"/>
        <line num="62" count="2" type="stmt"/>
        <line num="64" count="2" type="stmt"/>
        <line num="65" count="1" type="stmt"/>
        <line num="67" count="2" type="stmt"/>
        <line num="68" count="0" type="stmt"/>
        <line num="70" count="2" type="stmt"/>
        <line num="71" count="0" type="stmt"/>
      </file>
      <file name="button.css" path="/Users/ncdp07/Desktop/CS545998/yarn_test/vue_vite/vite-vue-vitest-test/src/stories/button.css">
        <metrics statements="0" coveredstatements="0" conditionals="0" coveredconditionals="0" methods="0" coveredmethods="0"/>
      </file>
      <file name="header.css" path="/Users/ncdp07/Desktop/CS545998/yarn_test/vue_vite/vite-vue-vitest-test/src/stories/header.css">
        <metrics statements="0" coveredstatements="0" conditionals="0" coveredconditionals="0" methods="0" coveredmethods="0"/>
      </file>
      <file name="page.css" path="/Users/ncdp07/Desktop/CS545998/yarn_test/vue_vite/vite-vue-vitest-test/src/stories/page.css">
        <metrics statements="0" coveredstatements="0" conditionals="0" coveredconditionals="0" methods="0" coveredmethods="0"/>
      </file>
    </package>
  </project>
</coverage>
