{"/Users/ncdp07/Desktop/CS545998/yarn_test/vue_vite/vite-vue-vitest-test/.storybook/preview.ts": {"path":"/Users/ncdp07/Desktop/CS545998/yarn_test/vue_vite/vite-vue-vitest-test/.storybook/preview.ts","statementMap":{"0":{"start":{"line":3,"column":25},"end":{"line":19,"column":null}}},"fnMap":{},"branchMap":{},"s":{"0":4},"f":{},"b":{},"meta":{"lastBranch":0,"lastFunction":0,"lastStatement":1,"seen":{"s:3:25:19:Infinity":0}}}
,"/Users/ncdp07/Desktop/CS545998/yarn_test/vue_vite/vite-vue-vitest-test/src/App.vue": {"path":"/Users/ncdp07/Desktop/CS545998/yarn_test/vue_vite/vite-vue-vitest-test/src/App.vue","statementMap":{},"fnMap":{},"branchMap":{"0":{"loc":{"start":{"line":6,"column":2},"end":{"line":11,"column":68}},"type":"binary-expr","locations":[{"start":{"line":6,"column":2},"end":{"line":6,"column":null}},{"start":{"line":6,"column":2},"end":{"line":11,"column":68}}],"line":6}},"s":{},"f":{},"b":{"0":[3,3]},"meta":{"lastBranch":0,"lastFunction":0,"lastStatement":0,"seen":{}}}
,"/Users/ncdp07/Desktop/CS545998/yarn_test/vue_vite/vite-vue-vitest-test/src/components/HelloWorld.vue": {"path":"/Users/ncdp07/Desktop/CS545998/yarn_test/vue_vite/vite-vue-vitest-test/src/components/HelloWorld.vue","statementMap":{"0":{"start":{"line":6,"column":14},"end":{"line":6,"column":null}},"1":{"start":{"line":12,"column":7},"end":{"line":12,"column":null}},"2":{"start":{"line":13,"column":34},"end":{"line":13,"column":43}}},"fnMap":{"0":{"name":"(anonymous_0)","decl":{"start":{"line":13,"column":32},"end":{"line":13,"column":34}},"loc":{"start":{"line":13,"column":34},"end":{"line":13,"column":43}},"line":13}},"branchMap":{"0":{"loc":{"start":{"line":13,"column":32},"end":{"line":13,"column":43}},"type":"binary-expr","locations":[{"start":{"line":13,"column":32},"end":{"line":13,"column":34}},{"start":{"line":13,"column":32},"end":{"line":13,"column":43}}],"line":13},"1":{"loc":{"start":{"line":13,"column":60},"end":{"line":17,"column":8}},"type":"binary-expr","locations":[{"start":{"line":13,"column":60},"end":{"line":13,"column":72}},{"start":{"line":13,"column":60},"end":{"line":17,"column":8}}],"line":13},"2":{"loc":{"start":{"line":20,"column":2},"end":{"line":25,"column":6}},"type":"binary-expr","locations":[{"start":{"line":20,"column":2},"end":{"line":20,"column":5}},{"start":{"line":20,"column":2},"end":{"line":25,"column":6}}],"line":20},"3":{"loc":{"start":{"line":26,"column":2},"end":{"line":33,"column":6}},"type":"binary-expr","locations":[{"start":{"line":26,"column":2},"end":{"line":26,"column":5}},{"start":{"line":26,"column":2},"end":{"line":33,"column":6}}],"line":26},"4":{"loc":{"start":{"line":34,"column":2},"end":{"line":34,"column":76}},"type":"binary-expr","locations":[{"start":{"line":34,"column":2},"end":{"line":34,"column":5}},{"start":{"line":34,"column":2},"end":{"line":34,"column":76}}],"line":34}},"s":{"0":3,"1":1,"2":0},"f":{"0":0},"b":{"0":[3,3],"1":[3,3],"2":[3,3],"3":[3,3],"4":[3,3]},"meta":{"lastBranch":0,"lastFunction":0,"lastStatement":0,"seen":{}}}
,"/Users/ncdp07/Desktop/CS545998/yarn_test/vue_vite/vite-vue-vitest-test/src/stories/Button.vue": {"path":"/Users/ncdp07/Desktop/CS545998/yarn_test/vue_vite/vite-vue-vitest-test/src/stories/Button.vue","statementMap":{"0":{"start":{"line":10,"column":14},"end":{"line":10,"column":null}},"1":{"start":{"line":32,"column":13},"end":{"line":32,"column":null}},"2":{"start":{"line":36,"column":16},"end":{"line":41,"column":null}},"3":{"start":{"line":36,"column":32},"end":{"line":41,"column":2}},"4":{"start":{"line":43,"column":14},"end":{"line":45,"column":null}},"5":{"start":{"line":43,"column":30},"end":{"line":45,"column":2}},"6":{"start":{"line":47,"column":16},"end":{"line":49,"column":null}},"7":{"start":{"line":48,"column":2},"end":{"line":48,"column":null}},"8":{"start":{"line":2,"column":2},"end":{"line":2,"column":93}}},"fnMap":{"0":{"name":"(anonymous_0)","decl":{"start":{"line":36,"column":25},"end":{"line":36,"column":32}},"loc":{"start":{"line":36,"column":32},"end":{"line":41,"column":2}},"line":36},"1":{"name":"(anonymous_1)","decl":{"start":{"line":43,"column":23},"end":{"line":43,"column":30}},"loc":{"start":{"line":43,"column":30},"end":{"line":45,"column":2}},"line":43},"2":{"name":"(anonymous_2)","decl":{"start":{"line":47,"column":16},"end":{"line":47,"column":22}},"loc":{"start":{"line":47,"column":22},"end":{"line":49,"column":null}},"line":47}},"branchMap":{"0":{"loc":{"start":{"line":40,"column":24},"end":{"line":40,"column":46}},"type":"binary-expr","locations":[{"start":{"line":40,"column":24},"end":{"line":40,"column":38}},{"start":{"line":40,"column":38},"end":{"line":40,"column":46}}],"line":40}},"s":{"0":12,"1":12,"2":12,"3":12,"4":12,"5":12,"6":12,"7":1,"8":12},"f":{"0":12,"1":12,"2":1},"b":{"0":[12,2]},"meta":{"lastBranch":1,"lastFunction":3,"lastStatement":9,"seen":{"s:10:14:10:Infinity":0,"s:32:13:32:Infinity":1,"s:36:16:41:Infinity":2,"f:36:25:36:32":0,"s:36:32:41:2":3,"b:40:24:40:38:40:38:40:46":0,"s:43:14:45:Infinity":4,"f:43:23:43:30":1,"s:43:30:45:2":5,"s:47:16:49:Infinity":6,"f:47:16:47:22":2,"s:48:2:48:Infinity":7,"s:2:2:2:93":8}}}
,"/Users/ncdp07/Desktop/CS545998/yarn_test/vue_vite/vite-vue-vitest-test/src/stories/Header.vue": {"path":"/Users/ncdp07/Desktop/CS545998/yarn_test/vue_vite/vite-vue-vitest-test/src/stories/Header.vue","statementMap":{"0":{"start":{"line":3,"column":9},"end":{"line":3,"column":null}},"1":{"start":{"line":2,"column":2},"end":{"line":34,"column":null}},"2":{"start":{"line":28,"column":40},"end":{"line":28,"column":57}},"3":{"start":{"line":29,"column":40},"end":{"line":29,"column":56}},"4":{"start":{"line":33,"column":18},"end":{"line":33,"column":null}}},"fnMap":{"0":{"name":"(anonymous_0)","decl":{"start":{"line":28,"column":38},"end":{"line":28,"column":40}},"loc":{"start":{"line":28,"column":40},"end":{"line":28,"column":57}},"line":28},"1":{"name":"(anonymous_1)","decl":{"start":{"line":29,"column":38},"end":{"line":29,"column":40}},"loc":{"start":{"line":29,"column":40},"end":{"line":29,"column":56}},"line":29},"2":{"name":"(anonymous_2)","decl":{"start":{"line":33,"column":16},"end":{"line":33,"column":18}},"loc":{"start":{"line":33,"column":18},"end":{"line":33,"column":null}},"line":33}},"branchMap":{"0":{"loc":{"start":{"line":38,"column":10},"end":{"line":38,"column":null}},"type":"binary-expr","locations":[{"start":{"line":38,"column":10},"end":{"line":38,"column":null}},{"start":{"line":38,"column":10},"end":{"line":38,"column":null}}],"line":38},"1":{"loc":{"start":{"line":24,"column":36},"end":{"line":26,"column":null}},"type":"cond-expr","locations":[{"start":{"line":24,"column":36},"end":{"line":26,"column":null}},{"start":{"line":26,"column":12},"end":{"line":26,"column":null}}],"line":24},"2":{"loc":{"start":{"line":27,"column":9},"end":{"line":25,"column":26}},"type":"binary-expr","locations":[{"start":{"line":27,"column":9},"end":{"line":27,"column":null}},{"start":{"line":27,"column":9},"end":{"line":25,"column":26}}],"line":27},"3":{"loc":{"start":{"line":25,"column":35},"end":{"line":26,"column":null}},"type":"binary-expr","locations":[{"start":{"line":25,"column":35},"end":{"line":25,"column":null}},{"start":{"line":25,"column":35},"end":{"line":26,"column":null}}],"line":25},"4":{"loc":{"start":{"line":28,"column":79},"end":{"line":28,"column":79}},"type":"cond-expr","locations":[{"start":{"line":28,"column":79},"end":{"line":28,"column":79}},{"start":{"line":28,"column":63},"end":{"line":28,"column":79}}],"line":28},"5":{"loc":{"start":{"line":28,"column":38},"end":{"line":28,"column":57}},"type":"binary-expr","locations":[{"start":{"line":28,"column":38},"end":{"line":28,"column":40}},{"start":{"line":28,"column":38},"end":{"line":28,"column":57}}],"line":28},"6":{"loc":{"start":{"line":29,"column":78},"end":{"line":29,"column":78}},"type":"cond-expr","locations":[{"start":{"line":29,"column":78},"end":{"line":29,"column":78}},{"start":{"line":29,"column":62},"end":{"line":29,"column":78}}],"line":29},"7":{"loc":{"start":{"line":29,"column":38},"end":{"line":29,"column":56}},"type":"binary-expr","locations":[{"start":{"line":29,"column":38},"end":{"line":29,"column":40}},{"start":{"line":29,"column":38},"end":{"line":29,"column":56}}],"line":29},"8":{"loc":{"start":{"line":35,"column":17},"end":{"line":34,"column":null}},"type":"cond-expr","locations":[{"start":{"line":35,"column":17},"end":{"line":34,"column":null}},{"start":{"line":34,"column":16},"end":{"line":34,"column":null}}],"line":35},"9":{"loc":{"start":{"line":33,"column":16},"end":{"line":33,"column":null}},"type":"binary-expr","locations":[{"start":{"line":33,"column":16},"end":{"line":33,"column":18}},{"start":{"line":33,"column":16},"end":{"line":33,"column":null}}],"line":33}},"s":{"0":2,"1":5,"2":0,"3":1,"4":0},"f":{"0":0,"1":1,"2":0},"b":{"0":[5,4],"1":[2,3],"2":[2,2],"3":[2,2],"4":[2,3],"5":[2,2],"6":[3,2],"7":[3,3],"8":[3,2],"9":[3,3]},"meta":{"lastBranch":10,"lastFunction":3,"lastStatement":5,"seen":{"s:3:9:3:Infinity":0,"s:2:2:34:Infinity":1,"b:38:10:38:Infinity:38:10:38:Infinity":0,"b:24:36:26:Infinity:26:12:26:Infinity":1,"b:27:9:27:Infinity:27:9:25:26":2,"b:25:35:25:Infinity:25:35:26:Infinity":3,"b:28:79:28:79:28:63:28:79":4,"b:28:38:28:40:28:38:28:57":5,"f:28:38:28:40":0,"s:28:40:28:57":2,"b:29:78:29:78:29:62:29:78":6,"b:29:38:29:40:29:38:29:56":7,"f:29:38:29:40":1,"s:29:40:29:56":3,"b:35:17:34:Infinity:34:16:34:Infinity":8,"b:33:16:33:18:33:16:33:Infinity":9,"f:33:16:33:18":2,"s:33:18:33:Infinity":4}}}
,"/Users/ncdp07/Desktop/CS545998/yarn_test/vue_vite/vite-vue-vitest-test/src/stories/Page.vue": {"path":"/Users/ncdp07/Desktop/CS545998/yarn_test/vue_vite/vite-vue-vitest-test/src/stories/Page.vue","statementMap":{"0":{"start":{"line":62,"column":13},"end":{"line":62,"column":null}},"1":{"start":{"line":64,"column":16},"end":{"line":66,"column":null}},"2":{"start":{"line":65,"column":2},"end":{"line":65,"column":null}},"3":{"start":{"line":67,"column":17},"end":{"line":69,"column":null}},"4":{"start":{"line":68,"column":2},"end":{"line":68,"column":null}},"5":{"start":{"line":70,"column":24},"end":{"line":72,"column":null}},"6":{"start":{"line":71,"column":2},"end":{"line":71,"column":null}},"7":{"start":{"line":2,"column":2},"end":{"line":3,"column":100}}},"fnMap":{"0":{"name":"(anonymous_0)","decl":{"start":{"line":64,"column":16},"end":{"line":64,"column":22}},"loc":{"start":{"line":64,"column":22},"end":{"line":66,"column":null}},"line":64},"1":{"name":"(anonymous_1)","decl":{"start":{"line":67,"column":17},"end":{"line":67,"column":23}},"loc":{"start":{"line":67,"column":23},"end":{"line":69,"column":null}},"line":67},"2":{"name":"(anonymous_2)","decl":{"start":{"line":70,"column":24},"end":{"line":70,"column":30}},"loc":{"start":{"line":70,"column":30},"end":{"line":72,"column":null}},"line":70}},"branchMap":{},"s":{"0":2,"1":2,"2":1,"3":2,"4":0,"5":2,"6":0,"7":3},"f":{"0":1,"1":0,"2":0},"b":{},"meta":{"lastBranch":0,"lastFunction":3,"lastStatement":8,"seen":{"s:62:13:62:Infinity":0,"s:64:16:66:Infinity":1,"f:64:16:64:22":0,"s:65:2:65:Infinity":2,"s:67:17:69:Infinity":3,"f:67:17:67:23":1,"s:68:2:68:Infinity":4,"s:70:24:72:Infinity":5,"f:70:24:70:30":2,"s:71:2:71:Infinity":6,"s:2:2:3:100":7}}}
,"/Users/ncdp07/Desktop/CS545998/yarn_test/vue_vite/vite-vue-vitest-test/src/stories/button.css": {"path":"/Users/ncdp07/Desktop/CS545998/yarn_test/vue_vite/vite-vue-vitest-test/src/stories/button.css","statementMap":{},"fnMap":{},"branchMap":{},"s":{},"f":{},"b":{},"meta":{"lastBranch":0,"lastFunction":0,"lastStatement":0,"seen":{}}}
,"/Users/ncdp07/Desktop/CS545998/yarn_test/vue_vite/vite-vue-vitest-test/src/stories/header.css": {"path":"/Users/ncdp07/Desktop/CS545998/yarn_test/vue_vite/vite-vue-vitest-test/src/stories/header.css","statementMap":{},"fnMap":{},"branchMap":{},"s":{},"f":{},"b":{},"meta":{"lastBranch":0,"lastFunction":0,"lastStatement":0,"seen":{}}}
,"/Users/ncdp07/Desktop/CS545998/yarn_test/vue_vite/vite-vue-vitest-test/src/stories/page.css": {"path":"/Users/ncdp07/Desktop/CS545998/yarn_test/vue_vite/vite-vue-vitest-test/src/stories/page.css","statementMap":{},"fnMap":{},"branchMap":{},"s":{},"f":{},"b":{},"meta":{"lastBranch":0,"lastFunction":0,"lastStatement":0,"seen":{}}}
}
